<?xml version="1.0" encoding="UTF-8"?>
<robot generator="Robot 4.1 (Python 3.9.6 on win32)" generated="20211006 16:36:29.923" rpa="false" schemaversion="2">
<suite id="s1" name="MockSystemTest" source="C:\Users\SteffenWeitkamp\PycharmProjects\mockSystemtest\MockSystemTest.robot">
<test id="s1-t1" name="Verfiy creation of lead conversion table">
<kw name="Post Snow Plow Events" library="MockTestDataInsertion">
<status status="PASS" starttime="20211006 16:36:30.484" endtime="20211006 16:36:30.484"/>
</kw>
<kw name="Trigger Segment Processing" library="MockTestDataProcessing">
<arg>cadia-stands-1640</arg>
<arg>grnry-belt-15</arg>
<arg>devops</arg>
<msg timestamp="20211006 16:36:30.759" level="INFO">{'api_version': 'batch/v1',
 'kind': 'Job',
 'metadata': {'annotations': {'cronjob.kubernetes.io/instantiate': 'manual'},
              'cluster_name': None,
              'creation_timestamp': datetime.datetime(2021, 10, 6, 14, 36, 30, tzinfo=tzutc()),
              'deletion_grace_period_seconds': None,
              'deletion_timestamp': None,
              'finalizers': None,
              'generate_name': None,
              'generation': None,
              'labels': {'controller-uid': 'd242b378-3f17-4747-a02b-889be6db0a7e',
                         'job-name': 'cadia-stands-1640'},
              'managed_fields': [{'api_version': 'batch/v1',
                                  'fields_type': 'FieldsV1',
                                  'fields_v1': {'f:metadata': {'f:annotations': {'.': {},
                                                                                 'f:cronjob.kubernetes.io/instantiate': {}}},
                                                'f:spec': {'f:backoffLimit': {},
                                                           'f:completions': {},
                                                           'f:parallelism': {},
                                                           'f:template': {'f:spec': {'f:activeDeadlineSeconds': {},
                                                                                     'f:containers': {'k:{"name":"grnry-belt-15"}': {'.': {},
                                                                                                                                     'f:env': {'.': {},
                                                                                                                                               'k:{"name":"DB_DATABASE"}': {'.': {},
                                                                                                                                                                            'f:name': {},
                                                                                                                                                                            'f:value': {}},
                                                                                                                                               'k:{"name":"DB_HOST"}': {'.': {},
                                                                                                                                                                        'f:name': {},
                                                                                                                                                                        'f:value': {}},
                                                                                                                                               'k:{"name":"DB_PASSWORD"}': {'.': {},
                                                                                                                                                                            'f:name': {},
                                                                                                                                                                            'f:valueFrom': {'.': {},
                                                                                                                                                                                            'f:secretKeyRef': {'.': {},
                                                                                                                                                                                                               'f:key': {},
                                                                                                                                                                                                               'f:name': {},
                                                                                                                                                                                                               'f:optional': {}}}},
                                                                                                                                               'k:{"name":"DB_PORT"}': {'.': {},
                                                                                                                                                                        'f:name': {},
                                                                                                                                                                        'f:value': {}},
                                                                                                                                               'k:{"name":"DB_SCHEMA"}': {'.': {},
                                                                                                                                                                          'f:name': {},
                                                                                                                                                                          'f:value': {}},
                                                                                                                                               'k:{"name":"DB_USER"}': {'.': {},
                                                                                                                                                                        'f:name': {},
                                                                                                                                                                        'f:valueFrom': {'.': {},
                                                                                                                                                                                        'f:secretKeyRef': {'.': {},
                                                                                                                                                                                                           'f:key': {},
                                                                                                                                                                                                           'f:name': {},
                                                                                                                                                                                                           'f:optional': {}}}},
                                                                                                                                               'k:{"name":"DEBUG"}': {'.': {},
                                                                                                                                                                      'f:name': {},
                                                                                                                                                                      'f:value': {}},
                                                                                                                                               'k:{"name":"KUBERNETES_NAME"}': {'.': {},
                                                                                                                                                                                'f:name': {},
                                                                                                                                                                                'f:value': {}}},
                                                                                                                                     'f:image': {},
                                                                                                                                     'f:imagePullPolicy': {},
                                                                                                                                     'f:name': {},
                                                                                                                                     'f:resources': {},
                                                                                                                                     'f:terminationMessagePath': {},
                                                                                                                                     'f:terminationMessagePolicy': {},
                                                                                                                                     'f:volumeMounts': {'.': {},
                                                                                                                                                        'k:{"mountPath":"/usr/src/app/plugin"}': {'.': {},
                                                                                                                                                                                                  'f:mountPath': {},
                                                                                                                                                                                                  'f:mountPropagation': {},
                                                                                                                                                                                                  'f:name': {},
                                                                                                                                                                                                  'f:readOnly': {}}}}},
                                                                                     'f:dnsPolicy': {},
                                                                                     'f:imagePullSecrets': {'.': {},
                                                                                                            'k:{"name":"grnry-snapshot-dockerconfig"}': {'.': {},
                                                                                                                                                         'f:name': {}}},
                                                                                     'f:restartPolicy': {},
                                                                                     'f:schedulerName': {},
                                                                                     'f:securityContext': {},
                                                                                     'f:terminationGracePeriodSeconds': {},
                                                                                     'f:volumes': {'.': {},
                                                                                                   'k:{"name":"plugin-data"}': {'.': {},
                                                                                                                                'f:configMap': {'.': {},
                                                                                                                                                'f:defaultMode': {},
                                                                                                                                                'f:name': {}},
                                                                                                                                'f:name': {}}}}}}},
                                  'manager': 'OpenAPI-Generator',
                                  'operation': 'Update',
                                  'time': datetime.datetime(2021, 10, 6, 14, 36, 30, tzinfo=tzutc())}],
              'name': 'cadia-stands-1640',
              'namespace': 'devops',
              'owner_references': None,
              'resource_version': '349323706',
              'self_link': None,
              'uid': 'd242b378-3f17-4747-a02b-889be6db0a7e'},
 'spec': {'active_deadline_seconds': None,
          'backoff_limit': 6,
          'completions': 1,
          'manual_selector': None,
          'parallelism': 1,
          'selector': {'match_expressions': None,
                       'match_labels': {'controller-uid': 'd242b378-3f17-4747-a02b-889be6db0a7e'}},
          'template': {'metadata': {'annotations': None,
                                    'cluster_name': None,
                                    'creation_timestamp': None,
                                    'deletion_grace_period_seconds': None,
                                    'deletion_timestamp': None,
                                    'finalizers': None,
                                    'generate_name': None,
                                    'generation': None,
                                    'labels': {'controller-uid': 'd242b378-3f17-4747-a02b-889be6db0a7e',
                                               'job-name': 'cadia-stands-1640'},
                                    'managed_fields': None,
                                    'name': None,
                                    'namespace': None,
                                    'owner_references': None,
                                    'resource_version': None,
                                    'self_link': None,
                                    'uid': None},
                       'spec': {'active_deadline_seconds': 180,
                                'affinity': None,
                                'automount_service_account_token': None,
                                'containers': [{'args': None,
                                                'command': None,
                                                'env': [{'name': 'KUBERNETES_NAME',
                                                         'value': 'grnry-belt-15',
                                                         'value_from': None},
                                                        {'name': 'DEBUG',
                                                         'value': 'true',
                                                         'value_from': None},
                                                        {'name': 'DB_HOST',
                                                         'value': 'grnry-pg',
                                                         'value_from': None},
                                                        {'name': 'DB_PORT',
                                                         'value': '5432',
                                                         'value_from': None},
                                                        {'name': 'DB_DATABASE',
                                                         'value': 'postgres',
                                                         'value_from': None},
                                                        {'name': 'DB_SCHEMA',
                                                         'value': 'bp_test_12',
                                                         'value_from': None},
                                                        {'name': 'DB_USER',
                                                         'value': None,
                                                         'value_from': {'config_map_key_ref': None,
                                                                        'field_ref': None,
                                                                        'resource_field_ref': None,
                                                                        'secret_key_ref': {'key': 'postgresql-username',
                                                                                           'name': 'bp-test-12-pg-credentials',
                                                                                           'optional': False}}},
                                                        {'name': 'DB_PASSWORD',
                                                         'value': None,
                                                         'value_from': {'config_map_key_ref': None,
                                                                        'field_ref': None,
                                                                        'resource_field_ref': None,
                                                                        'secret_key_ref': {'key': 'postgresql-password',
                                                                                           'name': 'bp-test-12-pg-credentials',
                                                                                           'optional': False}}}],
                                                'env_from': None,
                                                'image': 'hub.syncier.cloud/grnry-snapshot/dbt-belt-image:feature-gs-1765-dbt-image',
                                                'image_pull_policy': 'Always',
                                                'lifecycle': None,
                                                'liveness_probe': None,
                                                'name': 'grnry-belt-15',
                                                'ports': None,
                                                'readiness_probe': None,
                                                'resources': {'limits': None,
                                                              'requests': None},
                                                'security_context': None,
                                                'startup_probe': None,
                                                'stdin': None,
                                                'stdin_once': None,
                                                'termination_message_path': '/dev/termination-log',
                                                'termination_message_policy': 'File',
                                                'tty': None,
                                                'volume_devices': None,
                                                'volume_mounts': [{'mount_path': '/usr/src/app/plugin',
                                                                   'mount_propagation': 'None',
                                                                   'name': 'plugin-data',
                                                                   'read_only': True,
                                                                   'sub_path': None,
                                                                   'sub_path_expr': None}],
                                                'working_dir': None}],
                                'dns_config': None,
                                'dns_policy': 'ClusterFirst',
                                'enable_service_links': None,
                                'ephemeral_containers': None,
                                'host_aliases': None,
                                'host_ipc': None,
                                'host_network': None,
                                'host_pid': None,
                                'hostname': None,
                                'image_pull_secrets': [{'name': 'grnry-snapshot-dockerconfig'}],
                                'init_containers': None,
                                'node_name': None,
                                'node_selector': None,
                                'overhead': None,
                                'preemption_policy': None,
                                'priority': None,
                                'priority_class_name': None,
                                'readiness_gates': None,
                                'restart_policy': 'Never',
                                'runtime_class_name': None,
                                'scheduler_name': 'default-scheduler',
                                'security_context': {'fs_group': None,
                                                     'fs_group_change_policy': None,
                                                     'run_as_group': None,
                                                     'run_as_non_root': None,
                                                     'run_as_user': None,
                                                     'se_linux_options': None,
                                                     'supplemental_groups': None,
                                                     'sysctls': None,
                                                     'windows_options': None},
                                'service_account': None,
                                'service_account_name': None,
                                'share_process_namespace': None,
                                'subdomain': None,
                                'termination_grace_period_seconds': 30,
                                'tolerations': None,
                                'topology_spread_constraints': None,
                                'volumes': [{'aws_elastic_block_store': None,
                                             'azure_disk': None,
                                             'azure_file': None,
                                             'cephfs': None,
                                             'cinder': None,
                                             'config_map': {'default_mode': 420,
                                                            'items': None,
                                                            'name': 'grnry-belt-15-plugin',
                                                            'optional': None},
                                             'csi': None,
                                             'downward_api': None,
                                             'empty_dir': None,
                                             'fc': None,
                                             'flex_volume': None,
                                             'flocker': None,
                                             'gce_persistent_disk': None,
                                             'git_repo': None,
                                             'glusterfs': None,
                                             'host_path': None,
                                             'iscsi': None,
                                             'name': 'plugin-data',
                                             'nfs': None,
                                             'persistent_volume_claim': None,
                                             'photon_persistent_disk': None,
                                             'portworx_volume': None,
                                             'projected': None,
                                             'quobyte': None,
                                             'rbd': None,
                                             'scale_io': None,
                                             'secret': None,
                                             'storageos': None,
                                             'vsphere_volume': None}]}},
          'ttl_seconds_after_finished': None},
 'status': {'active': None,
            'completion_time': None,
            'conditions': None,
            'failed': None,
            'start_time': None,
            'succeeded': None}}</msg>
<status status="PASS" starttime="20211006 16:36:30.488" endtime="20211006 16:36:30.759"/>
</kw>
<kw name="Trigger Data Transfer Job" library="MockTestDataProcessing">
<arg>export_job</arg>
<status status="PASS" starttime="20211006 16:36:30.759" endtime="20211006 16:36:30.759"/>
</kw>
<kw name="Pull data processed by uniserv" library="MockKeywordUsage">
<kw name="Trigger Data Pull Via Jdbc Harvester" library="MockTestDataInsertion">
<arg>harvester_name</arg>
<status status="PASS" starttime="20211006 16:36:30.768" endtime="20211006 16:36:30.768"/>
</kw>
<kw name="Trigger Data Pull Via Jdbc Harvester" library="MockTestDataInsertion">
<arg>harvester_name</arg>
<status status="PASS" starttime="20211006 16:36:30.768" endtime="20211006 16:36:30.768"/>
</kw>
<kw name="Trigger Data Pull Via Jdbc Harvester" library="MockTestDataInsertion">
<arg>harvester_name</arg>
<status status="PASS" starttime="20211006 16:36:30.768" endtime="20211006 16:36:30.768"/>
</kw>
<kw name="Trigger Data Pull Via Jdbc Harvester" library="MockTestDataInsertion">
<arg>harvester_name</arg>
<status status="PASS" starttime="20211006 16:36:30.768" endtime="20211006 16:36:30.768"/>
</kw>
<status status="PASS" starttime="20211006 16:36:30.768" endtime="20211006 16:36:30.768"/>
</kw>
<kw name="Trigger Segment Processing" library="MockTestDataProcessing">
<arg>cadia-stands-1641</arg>
<arg>grnry-belt-15</arg>
<arg>devops</arg>
<msg timestamp="20211006 16:36:30.999" level="INFO">{'api_version': 'batch/v1',
 'kind': 'Job',
 'metadata': {'annotations': {'cronjob.kubernetes.io/instantiate': 'manual'},
              'cluster_name': None,
              'creation_timestamp': datetime.datetime(2021, 10, 6, 14, 36, 31, tzinfo=tzutc()),
              'deletion_grace_period_seconds': None,
              'deletion_timestamp': None,
              'finalizers': None,
              'generate_name': None,
              'generation': None,
              'labels': {'controller-uid': '9dc14ce8-dfe5-457c-a38d-bc183a60143c',
                         'job-name': 'cadia-stands-1641'},
              'managed_fields': [{'api_version': 'batch/v1',
                                  'fields_type': 'FieldsV1',
                                  'fields_v1': {'f:metadata': {'f:annotations': {'.': {},
                                                                                 'f:cronjob.kubernetes.io/instantiate': {}}},
                                                'f:spec': {'f:backoffLimit': {},
                                                           'f:completions': {},
                                                           'f:parallelism': {},
                                                           'f:template': {'f:spec': {'f:activeDeadlineSeconds': {},
                                                                                     'f:containers': {'k:{"name":"grnry-belt-15"}': {'.': {},
                                                                                                                                     'f:env': {'.': {},
                                                                                                                                               'k:{"name":"DB_DATABASE"}': {'.': {},
                                                                                                                                                                            'f:name': {},
                                                                                                                                                                            'f:value': {}},
                                                                                                                                               'k:{"name":"DB_HOST"}': {'.': {},
                                                                                                                                                                        'f:name': {},
                                                                                                                                                                        'f:value': {}},
                                                                                                                                               'k:{"name":"DB_PASSWORD"}': {'.': {},
                                                                                                                                                                            'f:name': {},
                                                                                                                                                                            'f:valueFrom': {'.': {},
                                                                                                                                                                                            'f:secretKeyRef': {'.': {},
                                                                                                                                                                                                               'f:key': {},
                                                                                                                                                                                                               'f:name': {},
                                                                                                                                                                                                               'f:optional': {}}}},
                                                                                                                                               'k:{"name":"DB_PORT"}': {'.': {},
                                                                                                                                                                        'f:name': {},
                                                                                                                                                                        'f:value': {}},
                                                                                                                                               'k:{"name":"DB_SCHEMA"}': {'.': {},
                                                                                                                                                                          'f:name': {},
                                                                                                                                                                          'f:value': {}},
                                                                                                                                               'k:{"name":"DB_USER"}': {'.': {},
                                                                                                                                                                        'f:name': {},
                                                                                                                                                                        'f:valueFrom': {'.': {},
                                                                                                                                                                                        'f:secretKeyRef': {'.': {},
                                                                                                                                                                                                           'f:key': {},
                                                                                                                                                                                                           'f:name': {},
                                                                                                                                                                                                           'f:optional': {}}}},
                                                                                                                                               'k:{"name":"DEBUG"}': {'.': {},
                                                                                                                                                                      'f:name': {},
                                                                                                                                                                      'f:value': {}},
                                                                                                                                               'k:{"name":"KUBERNETES_NAME"}': {'.': {},
                                                                                                                                                                                'f:name': {},
                                                                                                                                                                                'f:value': {}}},
                                                                                                                                     'f:image': {},
                                                                                                                                     'f:imagePullPolicy': {},
                                                                                                                                     'f:name': {},
                                                                                                                                     'f:resources': {},
                                                                                                                                     'f:terminationMessagePath': {},
                                                                                                                                     'f:terminationMessagePolicy': {},
                                                                                                                                     'f:volumeMounts': {'.': {},
                                                                                                                                                        'k:{"mountPath":"/usr/src/app/plugin"}': {'.': {},
                                                                                                                                                                                                  'f:mountPath': {},
                                                                                                                                                                                                  'f:mountPropagation': {},
                                                                                                                                                                                                  'f:name': {},
                                                                                                                                                                                                  'f:readOnly': {}}}}},
                                                                                     'f:dnsPolicy': {},
                                                                                     'f:imagePullSecrets': {'.': {},
                                                                                                            'k:{"name":"grnry-snapshot-dockerconfig"}': {'.': {},
                                                                                                                                                         'f:name': {}}},
                                                                                     'f:restartPolicy': {},
                                                                                     'f:schedulerName': {},
                                                                                     'f:securityContext': {},
                                                                                     'f:terminationGracePeriodSeconds': {},
                                                                                     'f:volumes': {'.': {},
                                                                                                   'k:{"name":"plugin-data"}': {'.': {},
                                                                                                                                'f:configMap': {'.': {},
                                                                                                                                                'f:defaultMode': {},
                                                                                                                                                'f:name': {}},
                                                                                                                                'f:name': {}}}}}}},
                                  'manager': 'OpenAPI-Generator',
                                  'operation': 'Update',
                                  'time': datetime.datetime(2021, 10, 6, 14, 36, 31, tzinfo=tzutc())}],
              'name': 'cadia-stands-1641',
              'namespace': 'devops',
              'owner_references': None,
              'resource_version': '349323711',
              'self_link': None,
              'uid': '9dc14ce8-dfe5-457c-a38d-bc183a60143c'},
 'spec': {'active_deadline_seconds': None,
          'backoff_limit': 6,
          'completions': 1,
          'manual_selector': None,
          'parallelism': 1,
          'selector': {'match_expressions': None,
                       'match_labels': {'controller-uid': '9dc14ce8-dfe5-457c-a38d-bc183a60143c'}},
          'template': {'metadata': {'annotations': None,
                                    'cluster_name': None,
                                    'creation_timestamp': None,
                                    'deletion_grace_period_seconds': None,
                                    'deletion_timestamp': None,
                                    'finalizers': None,
                                    'generate_name': None,
                                    'generation': None,
                                    'labels': {'controller-uid': '9dc14ce8-dfe5-457c-a38d-bc183a60143c',
                                               'job-name': 'cadia-stands-1641'},
                                    'managed_fields': None,
                                    'name': None,
                                    'namespace': None,
                                    'owner_references': None,
                                    'resource_version': None,
                                    'self_link': None,
                                    'uid': None},
                       'spec': {'active_deadline_seconds': 180,
                                'affinity': None,
                                'automount_service_account_token': None,
                                'containers': [{'args': None,
                                                'command': None,
                                                'env': [{'name': 'KUBERNETES_NAME',
                                                         'value': 'grnry-belt-15',
                                                         'value_from': None},
                                                        {'name': 'DEBUG',
                                                         'value': 'true',
                                                         'value_from': None},
                                                        {'name': 'DB_HOST',
                                                         'value': 'grnry-pg',
                                                         'value_from': None},
                                                        {'name': 'DB_PORT',
                                                         'value': '5432',
                                                         'value_from': None},
                                                        {'name': 'DB_DATABASE',
                                                         'value': 'postgres',
                                                         'value_from': None},
                                                        {'name': 'DB_SCHEMA',
                                                         'value': 'bp_test_12',
                                                         'value_from': None},
                                                        {'name': 'DB_USER',
                                                         'value': None,
                                                         'value_from': {'config_map_key_ref': None,
                                                                        'field_ref': None,
                                                                        'resource_field_ref': None,
                                                                        'secret_key_ref': {'key': 'postgresql-username',
                                                                                           'name': 'bp-test-12-pg-credentials',
                                                                                           'optional': False}}},
                                                        {'name': 'DB_PASSWORD',
                                                         'value': None,
                                                         'value_from': {'config_map_key_ref': None,
                                                                        'field_ref': None,
                                                                        'resource_field_ref': None,
                                                                        'secret_key_ref': {'key': 'postgresql-password',
                                                                                           'name': 'bp-test-12-pg-credentials',
                                                                                           'optional': False}}}],
                                                'env_from': None,
                                                'image': 'hub.syncier.cloud/grnry-snapshot/dbt-belt-image:feature-gs-1765-dbt-image',
                                                'image_pull_policy': 'Always',
                                                'lifecycle': None,
                                                'liveness_probe': None,
                                                'name': 'grnry-belt-15',
                                                'ports': None,
                                                'readiness_probe': None,
                                                'resources': {'limits': None,
                                                              'requests': None},
                                                'security_context': None,
                                                'startup_probe': None,
                                                'stdin': None,
                                                'stdin_once': None,
                                                'termination_message_path': '/dev/termination-log',
                                                'termination_message_policy': 'File',
                                                'tty': None,
                                                'volume_devices': None,
                                                'volume_mounts': [{'mount_path': '/usr/src/app/plugin',
                                                                   'mount_propagation': 'None',
                                                                   'name': 'plugin-data',
                                                                   'read_only': True,
                                                                   'sub_path': None,
                                                                   'sub_path_expr': None}],
                                                'working_dir': None}],
                                'dns_config': None,
                                'dns_policy': 'ClusterFirst',
                                'enable_service_links': None,
                                'ephemeral_containers': None,
                                'host_aliases': None,
                                'host_ipc': None,
                                'host_network': None,
                                'host_pid': None,
                                'hostname': None,
                                'image_pull_secrets': [{'name': 'grnry-snapshot-dockerconfig'}],
                                'init_containers': None,
                                'node_name': None,
                                'node_selector': None,
                                'overhead': None,
                                'preemption_policy': None,
                                'priority': None,
                                'priority_class_name': None,
                                'readiness_gates': None,
                                'restart_policy': 'Never',
                                'runtime_class_name': None,
                                'scheduler_name': 'default-scheduler',
                                'security_context': {'fs_group': None,
                                                     'fs_group_change_policy': None,
                                                     'run_as_group': None,
                                                     'run_as_non_root': None,
                                                     'run_as_user': None,
                                                     'se_linux_options': None,
                                                     'supplemental_groups': None,
                                                     'sysctls': None,
                                                     'windows_options': None},
                                'service_account': None,
                                'service_account_name': None,
                                'share_process_namespace': None,
                                'subdomain': None,
                                'termination_grace_period_seconds': 30,
                                'tolerations': None,
                                'topology_spread_constraints': None,
                                'volumes': [{'aws_elastic_block_store': None,
                                             'azure_disk': None,
                                             'azure_file': None,
                                             'cephfs': None,
                                             'cinder': None,
                                             'config_map': {'default_mode': 420,
                                                            'items': None,
                                                            'name': 'grnry-belt-15-plugin',
                                                            'optional': None},
                                             'csi': None,
                                             'downward_api': None,
                                             'empty_dir': None,
                                             'fc': None,
                                             'flex_volume': None,
                                             'flocker': None,
                                             'gce_persistent_disk': None,
                                             'git_repo': None,
                                             'glusterfs': None,
                                             'host_path': None,
                                             'iscsi': None,
                                             'name': 'plugin-data',
                                             'nfs': None,
                                             'persistent_volume_claim': None,
                                             'photon_persistent_disk': None,
                                             'portworx_volume': None,
                                             'projected': None,
                                             'quobyte': None,
                                             'rbd': None,
                                             'scale_io': None,
                                             'secret': None,
                                             'storageos': None,
                                             'vsphere_volume': None}]}},
          'ttl_seconds_after_finished': None},
 'status': {'active': None,
            'completion_time': None,
            'conditions': None,
            'failed': None,
            'start_time': None,
            'succeeded': None}}</msg>
<status status="PASS" starttime="20211006 16:36:30.768" endtime="20211006 16:36:30.999"/>
</kw>
<kw name="Verify Content Of Example Segment" library="MockUseCaseAssertions">
<status status="PASS" starttime="20211006 16:36:30.999" endtime="20211006 16:36:30.999"/>
</kw>
<status status="PASS" starttime="20211006 16:36:30.484" endtime="20211006 16:36:30.999"/>
</test>
<doc>Suite description</doc>
<status status="PASS" starttime="20211006 16:36:29.923" endtime="20211006 16:36:30.999"/>
</suite>
<statistics>
<total>
<stat pass="1" fail="0" skip="0">All Tests</stat>
</total>
<tag>
</tag>
<suite>
<stat pass="1" fail="0" skip="0" id="s1" name="MockSystemTest">MockSystemTest</stat>
</suite>
</statistics>
<errors>
</errors>
</robot>
